<?xml version="1.0" encoding="UTF-8"?>
<!-- Generated by org.testng.reporters.JUnitReportReporter -->
<testsuite hostname="Harsha" name="com.apps.AppiumTest.AppiumAppMenuSwipeTest" tests="1" failures="0" timestamp="24 Apr 2016 10:48:34 GMT" time="2.997" errors="0">
  <testcase name="f" time="2.997" classname="com.apps.AppiumTest.AppiumAppMenuSwipeTest"/>
</testsuite> <!-- com.apps.AppiumTest.AppiumAppMenuSwipeTest -->
