<?xml version="1.0" encoding="UTF-8"?>
<!-- Generated by org.testng.reporters.JUnitReportReporter -->
<testsuite hostname="Harsha" name="com.apps.AppiumTest.AppiumMessengerTest" tests="1" failures="0" timestamp="17 Apr 2016 06:45:01 GMT" time="15.971" errors="0">
  <testcase name="messageAppTest" time="15.971" classname="com.apps.AppiumTest.AppiumMessengerTest"/>
</testsuite> <!-- com.apps.AppiumTest.AppiumMessengerTest -->
