<?xml version="1.0" encoding="UTF-8"?>
<!-- Generated by org.testng.reporters.JUnitReportReporter -->
<testsuite hostname="Harsha" name="com.apps.AppiumTest.MultiTouchSwipe" tests="1" failures="0" timestamp="2 Jul 2016 12:11:01 GMT" time="37.992" errors="0">
  <testcase name="messageAppTest" time="37.992" classname="com.apps.AppiumTest.MultiTouchSwipe"/>
</testsuite> <!-- com.apps.AppiumTest.MultiTouchSwipe -->
