<?xml version="1.0" encoding="UTF-8"?>
<!-- Generated by org.testng.reporters.JUnitReportReporter -->
<testsuite hostname="Harsha" name="com.apps.AppiumTest.AppiumAppMenuSwipeTest" tests="1" failures="0" timestamp="4 Jun 2016 06:23:59 GMT" time="6.963" errors="0">
  <testcase name="f" time="6.963" classname="com.apps.AppiumTest.AppiumAppMenuSwipeTest"/>
</testsuite> <!-- com.apps.AppiumTest.AppiumAppMenuSwipeTest -->
