<?xml version="1.0" encoding="UTF-8"?>
<!-- Generated by org.testng.reporters.JUnitReportReporter -->
<testsuite hostname="Harsha" name="com.apps.AppiumTest.AppiumTesting" tests="1" failures="0" timestamp="17 Apr 2016 03:21:54 GMT" time="16.859" errors="0">
  <testcase name="swipeTest" time="16.859" classname="com.apps.AppiumTest.AppiumTesting"/>
</testsuite> <!-- com.apps.AppiumTest.AppiumTesting -->
