<?xml version="1.0" encoding="UTF-8"?>
<!-- Generated by org.testng.reporters.JUnitReportReporter -->
<testsuite hostname="Harsha" name="com.apps.AppiumTest.AppiumActualSwipeTest" tests="1" failures="0" timestamp="24 Apr 2016 10:55:51 GMT" time="8.417" errors="0">
  <testcase name="f" time="8.417" classname="com.apps.AppiumTest.AppiumActualSwipeTest"/>
</testsuite> <!-- com.apps.AppiumTest.AppiumActualSwipeTest -->
