<?xml version="1.0" encoding="UTF-8"?>
<!-- Generated by org.testng.reporters.JUnitReportReporter -->
<testsuite hostname="Harsha" name="com.apps.AppiumTest.MultiTouchSwipe" tests="1" failures="0" timestamp="2 Jul 2016 14:13:01 GMT" time="54.984" errors="0">
  <testcase name="messageAppTest" time="54.984" classname="com.apps.AppiumTest.MultiTouchSwipe"/>
</testsuite> <!-- com.apps.AppiumTest.MultiTouchSwipe -->
